2020-09-12 07:02:11,107 CRIT Supervisor is running as root.  Privileges were not dropped because no user is specified in the config file.  If you intend to run as root, you can set user=root in the config file to avoid this message.
2020-09-12 07:02:11,107 INFO Included extra file "/etc/supervisor/conf.d/laravel-worker.conf" during parsing
2020-09-12 07:02:11,110 INFO supervisord started with pid 1
2020-09-12 07:02:12,116 INFO spawned: 'laravel-worker_00' with pid 8
2020-09-12 07:02:12,120 INFO spawned: 'laravel-worker_01' with pid 9
2020-09-12 07:02:12,124 INFO spawned: 'laravel-worker_02' with pid 10
2020-09-12 07:02:12,128 INFO spawned: 'laravel-worker_03' with pid 11
2020-09-12 07:02:12,136 INFO spawned: 'php-fpm' with pid 12
2020-09-12 07:02:12,141 INFO spawned: 'misc' with pid 13
2020-09-12 07:02:12,189 INFO exited: misc (exit status 0; not expected)
2020-09-12 07:02:13,617 INFO success: laravel-worker_00 entered RUNNING state, process has stayed up for > than 1 seconds (startsecs)
2020-09-12 07:02:13,617 INFO success: laravel-worker_01 entered RUNNING state, process has stayed up for > than 1 seconds (startsecs)
2020-09-12 07:02:13,617 INFO success: laravel-worker_02 entered RUNNING state, process has stayed up for > than 1 seconds (startsecs)
2020-09-12 07:02:13,617 INFO success: laravel-worker_03 entered RUNNING state, process has stayed up for > than 1 seconds (startsecs)
2020-09-12 07:02:13,618 INFO success: php-fpm entered RUNNING state, process has stayed up for > than 1 seconds (startsecs)
2020-09-12 07:02:13,620 INFO spawned: 'misc' with pid 57
2020-09-12 07:02:13,649 INFO reaped unknown pid 30
2020-09-12 07:02:13,676 INFO exited: misc (exit status 0; not expected)
2020-09-12 07:02:15,679 INFO spawned: 'misc' with pid 76
2020-09-12 07:02:15,694 INFO reaped unknown pid 75
2020-09-12 07:02:15,721 INFO exited: misc (exit status 0; not expected)
2020-09-12 07:02:18,726 INFO spawned: 'misc' with pid 95
2020-09-12 07:02:18,747 INFO reaped unknown pid 94
2020-09-12 07:02:18,777 INFO exited: misc (exit status 0; not expected)
2020-09-12 07:02:19,777 INFO gave up: misc entered FATAL state, too many start retries too quickly
2020-09-12 07:03:01,845 INFO reaped unknown pid 119
2020-09-12 16:32:48,797 INFO reaped unknown pid 5487
2020-09-12 16:34:15,213 INFO reaped unknown pid 5511
2020-09-12 16:34:44,763 INFO reaped unknown pid 5517
2020-09-12 16:36:39,227 INFO reaped unknown pid 5541
2020-09-12 16:37:13,276 INFO reaped unknown pid 5556
2020-09-12 16:37:41,553 INFO reaped unknown pid 5562
2020-09-12 16:37:55,104 INFO reaped unknown pid 5568
2020-09-12 16:38:48,856 INFO reaped unknown pid 5583
2020-09-12 16:40:07,255 INFO reaped unknown pid 5607
2020-09-12 16:41:50,021 INFO reaped unknown pid 5622
2020-09-12 16:43:22,436 INFO reaped unknown pid 5646
2020-09-12 16:44:04,153 INFO reaped unknown pid 5661
2020-09-12 16:44:08,299 INFO reaped unknown pid 5667
2020-09-12 16:44:32,616 INFO reaped unknown pid 5673
2020-09-12 16:45:06,590 INFO reaped unknown pid 5688
2020-09-12 16:47:02,648 INFO reaped unknown pid 5712
2020-09-12 16:47:19,793 INFO reaped unknown pid 5718
2020-09-12 16:48:15,588 INFO reaped unknown pid 5733
2020-09-12 16:50:11,941 INFO reaped unknown pid 5757
2020-09-12 16:50:29,914 INFO reaped unknown pid 5763
2020-09-12 16:50:54,061 INFO reaped unknown pid 5769
2020-09-12 16:53:36,970 INFO reaped unknown pid 5802
2020-09-12 16:53:48,957 INFO reaped unknown pid 5808
2020-09-12 16:54:31,575 INFO reaped unknown pid 5823
2020-09-12 16:56:27,052 INFO reaped unknown pid 5847
2020-09-12 17:00:47,630 INFO reaped unknown pid 5889
2020-09-12 17:01:09,489 INFO reaped unknown pid 5904
2020-09-12 17:04:42,940 INFO reaped unknown pid 5937
2020-09-12 17:05:21,251 INFO reaped unknown pid 5952
2020-09-12 17:05:56,552 INFO reaped unknown pid 5958
2020-09-12 17:06:04,940 INFO reaped unknown pid 5973
2020-09-12 17:06:10,849 INFO reaped unknown pid 5979
2020-09-12 17:06:20,398 INFO reaped unknown pid 5985
2020-09-12 17:08:08,595 INFO reaped unknown pid 6009
2020-09-12 17:08:36,571 INFO reaped unknown pid 6015
2020-09-12 17:09:18,789 INFO reaped unknown pid 6030
2020-09-12 17:17:41,804 INFO reaped unknown pid 6111
2020-09-12 17:18:16,726 INFO reaped unknown pid 6126
2020-09-12 17:23:13,649 INFO reaped unknown pid 6177
2020-09-12 17:24:49,164 INFO reaped unknown pid 6192
2020-09-12 17:25:33,475 INFO reaped unknown pid 6207
2020-09-12 17:25:41,057 INFO reaped unknown pid 6213
2020-09-12 17:26:04,767 INFO reaped unknown pid 6228
2020-09-12 17:26:14,560 INFO reaped unknown pid 6234
2020-09-12 17:26:26,733 INFO reaped unknown pid 6240
2020-09-12 17:27:43,091 INFO reaped unknown pid 6255
2020-09-12 17:27:54,529 INFO reaped unknown pid 6261
2020-09-12 17:30:17,314 INFO reaped unknown pid 6294
2020-09-12 17:30:53,722 INFO reaped unknown pid 6300
2020-09-12 17:32:49,184 INFO reaped unknown pid 6324
2020-09-12 17:32:51,821 INFO reaped unknown pid 6330
2020-09-12 17:33:07,651 INFO reaped unknown pid 6345
2020-09-12 17:33:34,648 INFO reaped unknown pid 6351
2020-09-12 17:37:12,003 INFO reaped unknown pid 6393
2020-09-12 17:37:32,337 INFO reaped unknown pid 6399
2020-09-12 17:38:49,374 INFO reaped unknown pid 6414
2020-09-13 13:45:55,652 CRIT Supervisor is running as root.  Privileges were not dropped because no user is specified in the config file.  If you intend to run as root, you can set user=root in the config file to avoid this message.
2020-09-13 13:45:55,652 INFO Included extra file "/etc/supervisor/conf.d/laravel-worker.conf" during parsing
2020-09-13 13:45:55,656 INFO supervisord started with pid 1
2020-09-13 13:45:56,662 INFO spawned: 'laravel-worker_00' with pid 10
2020-09-13 13:45:56,664 INFO spawned: 'laravel-worker_01' with pid 11
2020-09-13 13:45:56,665 INFO spawned: 'laravel-worker_02' with pid 12
2020-09-13 13:45:56,666 INFO spawned: 'laravel-worker_03' with pid 13
2020-09-13 13:45:56,667 INFO spawned: 'php-fpm' with pid 14
2020-09-13 13:45:56,678 INFO spawned: 'misc' with pid 15
2020-09-13 13:45:56,717 INFO exited: misc (exit status 0; not expected)
2020-09-13 13:45:57,962 INFO success: laravel-worker_00 entered RUNNING state, process has stayed up for > than 1 seconds (startsecs)
2020-09-13 13:45:57,962 INFO success: laravel-worker_01 entered RUNNING state, process has stayed up for > than 1 seconds (startsecs)
2020-09-13 13:45:57,962 INFO success: laravel-worker_02 entered RUNNING state, process has stayed up for > than 1 seconds (startsecs)
2020-09-13 13:45:57,962 INFO success: laravel-worker_03 entered RUNNING state, process has stayed up for > than 1 seconds (startsecs)
2020-09-13 13:45:57,962 INFO success: php-fpm entered RUNNING state, process has stayed up for > than 1 seconds (startsecs)
2020-09-13 13:45:57,963 INFO spawned: 'misc' with pid 60
2020-09-13 13:45:57,977 INFO reaped unknown pid 33
2020-09-13 13:45:58,002 INFO exited: misc (exit status 0; not expected)
2020-09-13 13:46:00,004 INFO spawned: 'misc' with pid 79
2020-09-13 13:46:00,016 INFO reaped unknown pid 78
2020-09-13 13:46:00,040 INFO exited: misc (exit status 0; not expected)
2020-09-13 13:46:03,045 INFO spawned: 'misc' with pid 98
2020-09-13 13:46:03,079 INFO reaped unknown pid 97
2020-09-13 13:46:03,114 INFO exited: misc (exit status 0; not expected)
2020-09-13 13:46:04,115 INFO gave up: misc entered FATAL state, too many start retries too quickly
2020-09-13 14:37:56,370 WARN received SIGQUIT indicating exit request
2020-09-13 14:37:56,371 INFO waiting for php-fpm, laravel-worker_00, laravel-worker_01, laravel-worker_02, laravel-worker_03 to die
2020-09-13 14:37:57,394 INFO stopped: php-fpm (exit status 0)
2020-09-13 14:37:57,412 INFO stopped: laravel-worker_00 (exit status 0)
2020-09-13 14:37:57,412 INFO stopped: laravel-worker_02 (exit status 0)
2020-09-13 14:37:57,418 INFO stopped: laravel-worker_01 (exit status 0)
2020-09-13 14:37:57,418 INFO stopped: laravel-worker_03 (exit status 0)
2020-09-13 22:11:33,296 CRIT Supervisor is running as root.  Privileges were not dropped because no user is specified in the config file.  If you intend to run as root, you can set user=root in the config file to avoid this message.
2020-09-13 22:11:33,296 INFO Included extra file "/etc/supervisor/conf.d/laravel-worker.conf" during parsing
2020-09-13 22:11:33,299 INFO supervisord started with pid 1
2020-09-13 22:11:34,304 INFO spawned: 'laravel-worker_00' with pid 8
2020-09-13 22:11:34,307 INFO spawned: 'laravel-worker_01' with pid 9
2020-09-13 22:11:34,312 INFO spawned: 'laravel-worker_02' with pid 10
2020-09-13 22:11:34,315 INFO spawned: 'laravel-worker_03' with pid 11
2020-09-13 22:11:34,320 INFO spawned: 'php-fpm' with pid 12
2020-09-13 22:11:34,324 INFO spawned: 'misc' with pid 13
2020-09-13 22:11:34,374 INFO exited: misc (exit status 0; not expected)
2020-09-13 22:11:35,401 INFO success: laravel-worker_00 entered RUNNING state, process has stayed up for > than 1 seconds (startsecs)
2020-09-13 22:11:35,401 INFO success: laravel-worker_01 entered RUNNING state, process has stayed up for > than 1 seconds (startsecs)
2020-09-13 22:11:35,402 INFO success: laravel-worker_02 entered RUNNING state, process has stayed up for > than 1 seconds (startsecs)
2020-09-13 22:11:35,402 INFO success: laravel-worker_03 entered RUNNING state, process has stayed up for > than 1 seconds (startsecs)
2020-09-13 22:11:35,402 INFO success: php-fpm entered RUNNING state, process has stayed up for > than 1 seconds (startsecs)
2020-09-13 22:11:35,404 INFO spawned: 'misc' with pid 58
2020-09-13 22:11:35,445 INFO reaped unknown pid 31
2020-09-13 22:11:35,483 INFO exited: misc (exit status 0; not expected)
2020-09-13 22:11:37,488 INFO spawned: 'misc' with pid 77
2020-09-13 22:11:37,526 INFO reaped unknown pid 76
2020-09-13 22:11:37,563 INFO exited: misc (exit status 0; not expected)
2020-09-13 22:11:40,570 INFO spawned: 'misc' with pid 96
2020-09-13 22:11:40,603 INFO reaped unknown pid 95
2020-09-13 22:11:40,634 INFO exited: misc (exit status 0; not expected)
2020-09-13 22:11:41,636 INFO gave up: misc entered FATAL state, too many start retries too quickly
